2020-06-27 10:09:33,880 - app - INFO - Murtaza Khachrodwala signed in
2020-06-27 10:37:20,248 - app - INFO - user logged out
2020-06-27 10:38:34,318 - app - INFO - Murtaza Khachrodwala signed in
2020-06-27 10:38:43,655 - app - INFO - user logged out
2020-06-27 12:55:10,820 - app - INFO - Murtaza Khachrodwala signed in
2020-06-27 13:09:06,867 - app - INFO - user logged out
2020-06-27 13:09:27,603 - app - INFO - Rinku Soni signed in
2020-06-27 13:09:59,632 - app - INFO - user logged out
2020-06-27 13:58:47,243 - app - INFO - Rinku Soni signed in
2020-06-27 14:49:21,276 - app - INFO - user logged out
2020-06-27 14:51:40,846 - app - INFO - Murtaza Saifee signed in
2020-06-27 15:19:00,064 - app - INFO - user logged out
2020-06-27 15:27:54,065 - app - INFO - Murtaza Saifee signed in
2020-06-27 15:49:47,455 - app - INFO - user logged out
2020-06-27 15:50:28,769 - app - INFO - Juzer Kadri signed up and logged in
2020-06-27 16:23:16,719 - app - INFO - Murtaza Saifee signed in
2020-06-27 16:25:27,414 - app - INFO - user logged out
2020-06-27 16:25:42,496 - app - INFO - Juzer Kadri signed in
2020-06-27 16:30:53,674 - app - INFO - user logged out
2020-06-27 16:31:12,561 - app - INFO - Murtaza Saifee signed in
2020-06-27 17:20:24,303 - app - INFO - user logged out
2020-06-27 17:20:36,254 - app - INFO - Juzer Kadri signed in
2020-06-27 17:25:27,381 - app - INFO - user logged out
2020-06-27 17:25:41,698 - app - INFO - Murtaza Saifee signed in
2020-06-27 17:32:48,769 - app - INFO - user logged out
2020-06-27 17:33:32,071 - app - INFO - Juzer Kadri signed in
2020-06-27 17:33:53,725 - app - INFO - user logged out
2020-06-27 17:35:24,961 - app - INFO - Madhav Soni signed up and logged in
2020-06-27 17:39:24,358 - app - INFO - user logged out
2020-06-27 17:45:00,654 - app - INFO - Murtaza Saifee signed in
2020-06-27 17:47:04,746 - app - INFO - user logged out
2020-06-27 17:49:03,061 - app - INFO - Administrator signed up and logged in
2020-06-27 17:49:55,550 - app - INFO - user logged out
2020-06-27 17:59:37,984 - app - INFO - Juzer Kadri added news
2020-06-27 17:59:50,538 - app - INFO - Juzer Kadri edited news
2020-06-27 18:00:01,800 - app - INFO - user logged out
2020-06-27 18:01:41,185 - app - INFO - Administrator signed in
2020-06-27 18:01:47,683 - app - INFO - Administrator deleted news
2020-06-27 18:02:01,692 - app - INFO - user logged out
2020-06-29 18:24:08,719 - app - INFO - Murtaza Saifee signed in
2020-06-30 10:05:39,017 - app - INFO - Murtaza Saifee signed in
2020-06-30 10:10:32,887 - app - INFO - Murtaza Khachrodwala updated profile
2020-06-30 10:19:10,904 - app - INFO - user logged out
2020-06-30 10:19:32,599 - app - INFO - Administrator signed in
2020-06-30 10:36:58,249 - app - INFO - user logged out
2020-06-30 10:37:19,729 - app - INFO - Murtaza Khachrodwala signed in
2020-06-30 10:37:35,652 - app - INFO - Murtaza Khachrodwala added news
2020-06-30 10:37:43,046 - app - INFO - user logged out
2020-06-30 10:38:08,327 - app - INFO - Juzer Kadri signed in
2020-06-30 10:38:50,704 - app - INFO - Juzer Kadri deleted news
2020-06-30 10:39:13,018 - app - INFO - user logged out
2020-06-30 10:47:30,269 - app - INFO - Murtaza Khachrodwala signed in
2020-06-30 10:47:42,441 - app - INFO - Murtaza Khachrodwala added news
2020-06-30 10:47:48,507 - app - INFO - user logged out
2020-06-30 10:48:06,175 - app - INFO - Juzer Kadri signed in
2020-06-30 10:58:09,039 - app - INFO - user logged out
2020-06-30 11:33:16,707 - app - INFO - Murtaza Khachrodwala signed in
2020-06-30 11:42:08,719 - app - INFO - user logged out
2020-06-30 12:48:58,341 - app - INFO - Administrator signed in
2020-06-30 12:53:24,528 - app - INFO - Administrator updated profile
2020-06-30 12:53:33,859 - app - INFO - Administrator updated profile
2020-06-30 12:53:50,515 - app - INFO - Administrator changed password
2020-06-30 12:53:50,516 - app - INFO - user logged out
2020-06-30 12:54:17,488 - app - INFO - Administrator signed in
2020-06-30 12:54:50,791 - app - INFO - Administrator changed password
2020-06-30 12:54:50,792 - app - INFO - user logged out
2020-06-30 15:15:02,822 - app - INFO - Murtaza Khachrodwala signed in
2020-06-30 15:15:12,853 - app - INFO - Murtaza Khachrodwala updated profile
2020-06-30 15:15:31,592 - app - INFO - user logged out
2020-06-30 15:15:56,285 - app - INFO - Administrator signed in
2020-06-30 16:37:30,511 - app - INFO - Madhav Soni deleted profile
2020-06-30 16:37:30,518 - app - INFO - user logged out
2020-06-30 16:38:00,619 - app - INFO - Administrator signed in
